<?xml version="1.0" encoding="UTF-8"?>
<!-- Generated by org.testng.reporters.JUnitXMLReporter -->
<testsuite ignored="2" hostname="Sumit" failures="0" tests="0" time="0.002" errors="0" timestamp="2024-11-29T12:08:23 IST">
  <testcase classname="rahulshettyacademy.Tests.ErrorValidationsTest" name="LoginErrorValidation" time="0.0">
    <ignored/>
  </testcase> <!-- LoginErrorValidation -->
  <testcase classname="rahulshettyacademy.Tests.ErrorValidationsTest" name="ProdctErrorValidation" time="0.0">
    <ignored/>
  </testcase> <!-- ProdctErrorValidation -->
</testsuite>
