<?xml version="1.0" encoding="UTF-8"?>
<testng-results ignored="0" total="2" passed="2" failed="0" skipped="0">
  <reporter-output>
  </reporter-output>
  <suite started-at="2024-11-29T14:52:07 IST" name="Suite" finished-at="2024-11-29T14:52:21 IST" duration-ms="14574">
    <groups>
      <group name="Purchase">
        <method signature="SubmitOrderTest.submitOrder(java.util.HashMap)[pri:0, instance:rahulshettyacademy.Tests.SubmitOrderTest@15de0b3c]" name="submitOrder" class="rahulshettyacademy.Tests.SubmitOrderTest"/>
      </group> <!-- Purchase -->
    </groups>
    <test started-at="2024-11-29T14:52:07 IST" name="Submit Order Test" finished-at="2024-11-29T14:52:21 IST" duration-ms="14513">
      <class name="rahulshettyacademy.Tests.SubmitOrderTest">
        <test-method is-config="true" signature="launchApplication()[pri:0, instance:rahulshettyacademy.Tests.SubmitOrderTest@15de0b3c]" started-at="2024-11-29T14:52:07 IST" name="launchApplication" finished-at="2024-11-29T14:52:15 IST" duration-ms="8446" status="PASS">
          <reporter-output>
          </reporter-output>
        </test-method> <!-- launchApplication -->
        <test-method signature="submitOrder(java.util.HashMap)[pri:0, instance:rahulshettyacademy.Tests.SubmitOrderTest@15de0b3c]" started-at="2024-11-29T14:52:15 IST" name="submitOrder" data-provider="getData" finished-at="2024-11-29T14:52:15 IST" duration-ms="370" status="PASS">
          <params>
            <param index="0">
              <value>
                <![CDATA[{password=Auto@123!, email=abhishekmone.12@gmail.com, productName=ZARA COAT 3}]]>
              </value>
            </param>
          </params>
          <reporter-output>
          </reporter-output>
        </test-method> <!-- submitOrder -->
        <test-method is-config="true" signature="tearDown()[pri:0, instance:rahulshettyacademy.Tests.SubmitOrderTest@15de0b3c]" started-at="2024-11-29T14:52:15 IST" name="tearDown" finished-at="2024-11-29T14:52:15 IST" duration-ms="100" status="PASS">
          <reporter-output>
          </reporter-output>
        </test-method> <!-- tearDown -->
        <test-method is-config="true" signature="launchApplication()[pri:0, instance:rahulshettyacademy.Tests.SubmitOrderTest@15de0b3c]" started-at="2024-11-29T14:52:15 IST" name="launchApplication" finished-at="2024-11-29T14:52:21 IST" duration-ms="5159" status="PASS">
          <reporter-output>
          </reporter-output>
        </test-method> <!-- launchApplication -->
        <test-method signature="submitOrder(java.util.HashMap)[pri:0, instance:rahulshettyacademy.Tests.SubmitOrderTest@15de0b3c]" started-at="2024-11-29T14:52:21 IST" name="submitOrder" data-provider="getData" finished-at="2024-11-29T14:52:21 IST" duration-ms="330" status="PASS">
          <params>
            <param index="0">
              <value>
                <![CDATA[{password=Auto@123!, email=t4163200@gmail.com, productName=ADIDAS ORIGINAL}]]>
              </value>
            </param>
          </params>
          <reporter-output>
          </reporter-output>
        </test-method> <!-- submitOrder -->
        <test-method is-config="true" signature="tearDown()[pri:0, instance:rahulshettyacademy.Tests.SubmitOrderTest@15de0b3c]" started-at="2024-11-29T14:52:21 IST" name="tearDown" finished-at="2024-11-29T14:52:21 IST" duration-ms="49" status="PASS">
          <reporter-output>
          </reporter-output>
        </test-method> <!-- tearDown -->
      </class> <!-- rahulshettyacademy.Tests.SubmitOrderTest -->
    </test> <!-- Submit Order Test -->
    <test started-at="2024-11-29T14:52:21 IST" name="Error Validations Test" finished-at="2024-11-29T14:52:21 IST" duration-ms="2">
    </test> <!-- Error Validations Test -->
  </suite> <!-- Suite -->
</testng-results>
