<?xml version="1.0" encoding="UTF-8"?>
<testng-results ignored="0" total="2" passed="2" failed="0" skipped="0">
  <reporter-output>
  </reporter-output>
  <suite started-at="2024-11-29T12:08:06 IST" name="Suite" finished-at="2024-11-29T12:08:23 IST" duration-ms="17325">
    <groups>
      <group name="Purchase">
        <method signature="SubmitOrderTest.submitOrder(java.lang.String,java.lang.String,java.lang.String)[pri:0, instance:rahulshettyacademy.Tests.SubmitOrderTest@15de0b3c]" name="submitOrder" class="rahulshettyacademy.Tests.SubmitOrderTest"/>
      </group> <!-- Purchase -->
    </groups>
    <test started-at="2024-11-29T12:08:06 IST" name="Submit Order Test" finished-at="2024-11-29T12:08:23 IST" duration-ms="17253">
      <class name="rahulshettyacademy.Tests.SubmitOrderTest">
        <test-method is-config="true" signature="launchApplication()[pri:0, instance:rahulshettyacademy.Tests.SubmitOrderTest@15de0b3c]" started-at="2024-11-29T12:08:06 IST" name="launchApplication" finished-at="2024-11-29T12:08:11 IST" duration-ms="4919" status="PASS">
          <reporter-output>
          </reporter-output>
        </test-method> <!-- launchApplication -->
        <test-method signature="submitOrder(java.lang.String,java.lang.String,java.lang.String)[pri:0, instance:rahulshettyacademy.Tests.SubmitOrderTest@15de0b3c]" started-at="2024-11-29T12:08:11 IST" name="submitOrder" data-provider="getData" finished-at="2024-11-29T12:08:14 IST" duration-ms="3598" status="PASS">
          <params>
            <param index="0">
              <value>
                <![CDATA[abhishekmone.12@gmail.com]]>
              </value>
            </param>
            <param index="1">
              <value>
                <![CDATA[Auto@123!]]>
              </value>
            </param>
            <param index="2">
              <value>
                <![CDATA[ZARA COAT 3]]>
              </value>
            </param>
          </params>
          <reporter-output>
          </reporter-output>
        </test-method> <!-- submitOrder -->
        <test-method is-config="true" signature="tearDown()[pri:0, instance:rahulshettyacademy.Tests.SubmitOrderTest@15de0b3c]" started-at="2024-11-29T12:08:14 IST" name="tearDown" finished-at="2024-11-29T12:08:14 IST" duration-ms="83" status="PASS">
          <reporter-output>
          </reporter-output>
        </test-method> <!-- tearDown -->
        <test-method is-config="true" signature="launchApplication()[pri:0, instance:rahulshettyacademy.Tests.SubmitOrderTest@15de0b3c]" started-at="2024-11-29T12:08:14 IST" name="launchApplication" finished-at="2024-11-29T12:08:19 IST" duration-ms="5125" status="PASS">
          <reporter-output>
          </reporter-output>
        </test-method> <!-- launchApplication -->
        <test-method signature="submitOrder(java.lang.String,java.lang.String,java.lang.String)[pri:0, instance:rahulshettyacademy.Tests.SubmitOrderTest@15de0b3c]" started-at="2024-11-29T12:08:19 IST" name="submitOrder" data-provider="getData" finished-at="2024-11-29T12:08:23 IST" duration-ms="3360" status="PASS">
          <params>
            <param index="0">
              <value>
                <![CDATA[t4163200@gmail.com]]>
              </value>
            </param>
            <param index="1">
              <value>
                <![CDATA[Auto@123!]]>
              </value>
            </param>
            <param index="2">
              <value>
                <![CDATA[ADIDAS ORIGINAL]]>
              </value>
            </param>
          </params>
          <reporter-output>
          </reporter-output>
        </test-method> <!-- submitOrder -->
        <test-method is-config="true" signature="tearDown()[pri:0, instance:rahulshettyacademy.Tests.SubmitOrderTest@15de0b3c]" started-at="2024-11-29T12:08:23 IST" name="tearDown" finished-at="2024-11-29T12:08:23 IST" duration-ms="110" status="PASS">
          <reporter-output>
          </reporter-output>
        </test-method> <!-- tearDown -->
      </class> <!-- rahulshettyacademy.Tests.SubmitOrderTest -->
    </test> <!-- Submit Order Test -->
    <test started-at="2024-11-29T12:08:23 IST" name="Error Validations Test" finished-at="2024-11-29T12:08:23 IST" duration-ms="2">
    </test> <!-- Error Validations Test -->
  </suite> <!-- Suite -->
</testng-results>
